<?xml version="1.0" encoding="UTF-8"?>
<!-- Generated by org.testng.reporters.JUnitReportReporter -->
<testsuite hostname="DELL-PC" name="OlaTest.OlaRestApiTest.AppTest" tests="1" failures="0" timestamp="3 Aug 2015 07:27:07 GMT" time="0.002" errors="0">
  <testcase name="testApp" time="0.002" classname="OlaTest.OlaRestApiTest.AppTest"/>
</testsuite> <!-- OlaTest.OlaRestApiTest.AppTest -->
