<?xml version="1.0" encoding="UTF-8"?>
<!-- Generated by org.testng.reporters.JUnitReportReporter -->
<testsuite hostname="DELL-PC" name="OlaTest.OlaRestApiTest.RestCountriesApiTest" tests="2" failures="0" timestamp="5 Aug 2015 06:09:40 GMT" time="3.751" errors="0">
  <testcase name="getCountryInfo" time="0.912" classname="OlaTest.OlaRestApiTest.RestCountriesApiTest"/>
  <testcase name="extract_single_path_works_after_multiple_body_validations" time="2.839" classname="OlaTest.OlaRestApiTest.RestCountriesApiTest"/>
</testsuite> <!-- OlaTest.OlaRestApiTest.RestCountriesApiTest -->
