<?xml version="1.0" encoding="UTF-8"?>
<!-- Generated by org.testng.reporters.JUnitReportReporter -->
<testsuite hostname="DELL-PC" name="OlaTest.OlaRestApiTest.RestCountriesApiTest" tests="1" failures="0" timestamp="29 Oct 2015 11:35:36 GMT" time="4.162" errors="0">
  <testcase name="getCountryInfo" time="4.162" classname="OlaTest.OlaRestApiTest.RestCountriesApiTest"/>
</testsuite> <!-- OlaTest.OlaRestApiTest.RestCountriesApiTest -->
