<?xml version="1.0" encoding="UTF-8"?>
<!-- Generated by org.testng.reporters.JUnitReportReporter -->
<testsuite hostname="DELL-PC" name="OlaTest.OlaRestApiTest.OlaPicklistoperationApiTest" tests="1" failures="0" timestamp="4 Aug 2015 07:09:58 GMT" time="8.155" errors="0">
  <testcase name="httpPost" time="8.155" classname="OlaTest.OlaRestApiTest.OlaPicklistoperationApiTest"/>
</testsuite> <!-- OlaTest.OlaRestApiTest.OlaPicklistoperationApiTest -->
